<?xml version="1.0" encoding="UTF-8"?>
<!-- Generated by org.testng.reporters.JUnitReportReporter -->
<testsuite hostname="Priyanka" failures="0" tests="3" name="org.practice.ParallelExecution" time="0.022" errors="0" timestamp="2026-03-09T20:53:10 IST" skipped="0">
  <testcase classname="org.practice.ParallelExecution" name="Test3" time="0.003"/>
  <testcase classname="org.practice.ParallelExecution" name="Test1" time="0.015"/>
  <testcase classname="org.practice.ParallelExecution" name="Test2" time="0.004"/>
</testsuite> <!-- org.practice.ParallelExecution -->
