<?xml version="1.0" encoding="UTF-8"?>
<!-- Generated by org.testng.reporters.JUnitReportReporter -->
<testsuite hostname="Priyanka" failures="0" tests="8" name="org.TestNg.Testinvocationtimeout" time="0.031" errors="0" timestamp="2026-02-23T12:17:04 IST" skipped="0">
  <testcase classname="org.TestNg.Testinvocationtimeout" name="tc1" time="0.007"/>
  <testcase classname="org.TestNg.Testinvocationtimeout" name="tc4" time="0.001"/>
  <testcase classname="org.TestNg.Testinvocationtimeout" name="tc2" time="0.007"/>
  <testcase classname="org.TestNg.Testinvocationtimeout" name="tc3" time="0.003"/>
  <testcase classname="org.TestNg.Testinvocationtimeout" name="tc3" time="0.003"/>
  <testcase classname="org.TestNg.Testinvocationtimeout" name="tc3" time="0.004"/>
  <testcase classname="org.TestNg.Testinvocationtimeout" name="tc3" time="0.003"/>
  <testcase classname="org.TestNg.Testinvocationtimeout" name="tc3" time="0.003"/>
</testsuite> <!-- org.TestNg.Testinvocationtimeout -->
