<?xml version="1.0" encoding="UTF-8"?>
<!-- Generated by org.testng.reporters.JUnitReportReporter -->
<testsuite hostname="Priyanka" failures="0" tests="5" name="org.TestNg.GroupTask" time="0.022" errors="0" timestamp="2026-02-25T09:17:51 IST" skipped="0">
  <testcase classname="org.TestNg.GroupTask" name="logout" time="0.003"/>
  <testcase classname="org.TestNg.GroupTask" name="BrowserLaunch" time="0.008"/>
  <testcase classname="org.TestNg.GroupTask" name="addtocart" time="0.005"/>
  <testcase classname="org.TestNg.GroupTask" name="getURL" time="0.005"/>
  <testcase classname="org.TestNg.GroupTask" name="login" time="0.001"/>
</testsuite> <!-- org.TestNg.GroupTask -->
